<?xml version="1.0" encoding="UTF-8"?>
<!-- Generated by org.testng.reporters.JUnitReportReporter -->
<testsuite skipped="0" hostname="LAPTOP-DI793DE2" name="com.crm.qa.Testcase.HomePageTest" tests="1" failures="0" timestamp="17 Feb 2021 13:41:36 GMT" time="27.256" errors="0">
  <testcase name="DealsPageTest" time="27.256" classname="com.crm.qa.Testcase.HomePageTest"/>
</testsuite> <!-- com.crm.qa.Testcase.HomePageTest -->
