<?xml version="1.0" encoding="UTF-8"?>
<!-- Generated by org.testng.reporters.JUnitReportReporter -->
<testsuite skipped="0" hostname="LAPTOP-DI793DE2" name="com.crm.qa.Testcase.HomePageTest" tests="1" failures="0" timestamp="06 Feb 2021 18:54:56 GMT" time="21.831" errors="0">
  <testcase name="DealsPageTest" time="21.831" classname="com.crm.qa.Testcase.HomePageTest"/>
</testsuite> <!-- com.crm.qa.Testcase.HomePageTest -->
