<?xml version="1.0" encoding="UTF-8"?>
<!-- Generated by org.testng.reporters.JUnitReportReporter -->
<testsuite skipped="0" hostname="LAPTOP-DI793DE2" name="com.crm.qa.Testcase.LoginPageTest" tests="1" failures="0" timestamp="17 Feb 2021 13:41:36 GMT" time="22.635" errors="0">
  <testcase name="loginTest" time="22.635" classname="com.crm.qa.Testcase.LoginPageTest"/>
</testsuite> <!-- com.crm.qa.Testcase.LoginPageTest -->
