<?xml version="1.0" encoding="UTF-8"?>
<!-- Generated by org.testng.reporters.JUnitReportReporter -->
<testsuite skipped="0" hostname="LAPTOP-DI793DE2" name="com.crm.qa.Testcase.LoginPageTest" tests="1" failures="0" timestamp="06 Feb 2021 18:53:38 GMT" time="15.667" errors="0">
  <testcase name="loginTest" time="15.667" classname="com.crm.qa.Testcase.LoginPageTest"/>
</testsuite> <!-- com.crm.qa.Testcase.LoginPageTest -->
