<?xml version="1.0" encoding="UTF-8"?>
<!-- Generated by org.testng.reporters.JUnitReportReporter -->
<testsuite skipped="0" hostname="LAPTOP-DI793DE2" name="com.crm.qa.Testcase.HomePageTest" tests="1" failures="0" timestamp="20 Feb 2021 13:06:51 GMT" time="42.499" errors="0">
  <testcase name="DealsPageTest" time="42.499" classname="com.crm.qa.Testcase.HomePageTest"/>
</testsuite> <!-- com.crm.qa.Testcase.HomePageTest -->
